<?xml version="1.0" encoding="UTF-8"?>
<!-- Generated by org.testng.reporters.JUnitXMLReporter -->
<testsuite hostname="Arun-PC" name="Default test" tests="3" failures="0" timestamp="30 Jul 2015 16:21:58 GMT" time="0.02" errors="0">
  <testcase name="@BeforeSuite config" time="0.0" classname="fotf_Config.Basedriver">
    <failure type="org.testng.TestNGException" message="org.xml.sax.SAXParseException; lineNumber: 1; columnNumber: 1; Premature end of file.">
      <![CDATA[org.testng.TestNGException: org.xml.sax.SAXParseException; lineNumber: 1; columnNumber: 1; Premature end of file.
	at org.testng.TestNG.initializeSuitesAndJarFile(TestNG.java:341)
	at org.testng.TestNG.run(TestNG.java:1030)
	at fotf_DDF.XmlUtil.autoRunXml(XmlUtil.java:121)
	at fotf_Config.Basedriver.config(Basedriver.java:44)
	at sun.reflect.NativeMethodAccessorImpl.invoke0(Native Method)
	at sun.reflect.NativeMethodAccessorImpl.invoke(Unknown Source)
	at sun.reflect.DelegatingMethodAccessorImpl.invoke(Unknown Source)
	at java.lang.reflect.Method.invoke(Unknown Source)
	at org.testng.internal.MethodInvocationHelper.invokeMethod(MethodInvocationHelper.java:84)
	at org.testng.internal.Invoker.invokeConfigurationMethod(Invoker.java:564)
	at org.testng.internal.Invoker.invokeConfigurations(Invoker.java:213)
	at org.testng.internal.Invoker.invokeConfigurations(Invoker.java:138)
	at org.testng.SuiteRunner.privateRun(SuiteRunner.java:277)
	at org.testng.SuiteRunner.run(SuiteRunner.java:240)
	at org.testng.SuiteRunnerWorker.runSuite(SuiteRunnerWorker.java:52)
	at org.testng.SuiteRunnerWorker.run(SuiteRunnerWorker.java:86)
	at org.testng.TestNG.runSuitesSequentially(TestNG.java:1224)
	at org.testng.TestNG.runSuitesLocally(TestNG.java:1149)
	at org.testng.TestNG.run(TestNG.java:1057)
	at org.testng.remote.RemoteTestNG.run(RemoteTestNG.java:111)
	at org.testng.remote.RemoteTestNG.initAndRun(RemoteTestNG.java:204)
	at org.testng.remote.RemoteTestNG.main(RemoteTestNG.java:175)
Caused by: org.xml.sax.SAXParseException; lineNumber: 1; columnNumber: 1; Premature end of file.
	at com.sun.org.apache.xerces.internal.util.ErrorHandlerWrapper.createSAXParseException(Unknown Source)
	at com.sun.org.apache.xerces.internal.util.ErrorHandlerWrapper.fatalError(Unknown Source)
	at com.sun.org.apache.xerces.internal.impl.XMLErrorReporter.reportError(Unknown Source)
	at com.sun.org.apache.xerces.internal.impl.XMLErrorReporter.reportError(Unknown Source)
	at com.sun.org.apache.xerces.internal.impl.XMLScanner.reportFatalError(Unknown Source)
	at com.sun.org.apache.xerces.internal.impl.XMLDocumentScannerImpl$PrologDriver.next(Unknown Source)
	at com.sun.org.apache.xerces.internal.impl.XMLDocumentScannerImpl.next(Unknown Source)
	at com.sun.org.apache.xerces.internal.impl.XMLDocumentFragmentScannerImpl.scanDocument(Unknown Source)
	at com.sun.org.apache.xerces.internal.parsers.XML11Configuration.parse(Unknown Source)
	at com.sun.org.apache.xerces.internal.parsers.XML11Configuration.parse(Unknown Source)
	at com.sun.org.apache.xerces.internal.parsers.XMLParser.parse(Unknown Source)
	at com.sun.org.apache.xerces.internal.parsers.AbstractSAXParser.parse(Unknown Source)
	at com.sun.org.apache.xerces.internal.jaxp.SAXParserImpl$JAXPSAXParser.parse(Unknown Source)
	at com.sun.org.apache.xerces.internal.jaxp.SAXParserImpl.parse(Unknown Source)
	at javax.xml.parsers.SAXParser.parse(Unknown Source)
	at org.testng.xml.SuiteXmlParser.parse(SuiteXmlParser.java:17)
	at org.testng.xml.SuiteXmlParser.parse(SuiteXmlParser.java:10)
	at org.testng.xml.Parser.parse(Parser.java:172)
	at org.testng.TestNG.initializeSuitesAndJarFile(TestNG.java:311)
	... 21 more
]]>
    </failure>
  </testcase> <!-- @BeforeSuite config -->
  <testcase name="verify_fotf_channel" time="0.001" classname="fotf_Testcase.Channelpage">
    <skipped/>
  </testcase> <!-- verify_fotf_channel -->
  <testcase name="click_fotf_channels" time="0.001" classname="fotf_Testcase.Homepage">
    <skipped/>
  </testcase> <!-- click_fotf_channels -->
  <testcase name="verify_fotf_logo" time="0.0" classname="fotf_Testcase.Homepage">
    <skipped/>
  </testcase> <!-- verify_fotf_logo -->
</testsuite> <!-- Default test -->
