<?xml version="1.0" encoding="UTF-8"?>
<!-- Generated by org.testng.reporters.JUnitXMLReporter -->
<testsuite hostname="EC107" name="Test" tests="3" failures="0" timestamp="28 Jul 2015 12:02:37 GMT" time="57.271" errors="0">
  <testcase name="click_fotf_channels" time="57.076" classname="fotf_Testcase.Homepage"/>
  <testcase name="verify_fotf_logo" time="0.137" classname="fotf_Testcase.Homepage"/>
  <testcase name="verify_fotf_channel" time="0.03" classname="fotf_Testcase.Channelpage"/>
</testsuite> <!-- Test -->
