<?xml version="1.0" encoding="UTF-8"?>
<testng-results skipped="0" failed="0" total="1" passed="1">
  <reporter-output>
  </reporter-output>
  <suite name="Suite" duration-ms="29113" started-at="2015-07-17T11:51:30Z" finished-at="2015-07-17T11:52:00Z">
    <groups>
    </groups>
    <test name="Test" duration-ms="29113" started-at="2015-07-17T11:51:30Z" finished-at="2015-07-17T11:52:00Z">
      <class name="fotf_Testcase.Homepage">
        <test-method status="PASS" signature="basedriver()[pri:0, instance:fotf_Testcase.Homepage@2cfb4a64]" name="basedriver" is-config="true" duration-ms="6753" started-at="2015-07-17T17:21:24Z" finished-at="2015-07-17T17:21:30Z">
          <reporter-output>
          </reporter-output>
        </test-method> <!-- basedriver -->
        <test-method status="PASS" signature="smoketest()[pri:0, instance:fotf_Testcase.Homepage@2cfb4a64]" name="smoketest" duration-ms="29108" started-at="2015-07-17T17:21:30Z" finished-at="2015-07-17T17:22:00Z">
          <reporter-output>
          </reporter-output>
        </test-method> <!-- smoketest -->
      </class> <!-- fotf_Testcase.Homepage -->
    </test> <!-- Test -->
  </suite> <!-- Suite -->
</testng-results>
